<?xml version="1.0" encoding="utf-8"?><testsuites name="pytest tests"><testsuite name="pytest" errors="0" failures="0" skipped="0" tests="9" time="27.363" timestamp="2026-08-15T11:52:24.987657+00:00" hostname="agent-env-2f661ad8-6899-4e56-b364-739fd2d0fd3d"><testcase classname="tests.backend_test.TestUpload" name="test_csv_upload_and_overview" time="0.253" /><testcase classname="tests.backend_test.TestDemo" name="test_demo_creates_session" time="0.249" /><testcase classname="tests.backend_test.TestUpload" name="test_xlsx_upload_and_overview" time="0.634" /><testcase classname="tests.backend_test.TestDemo" name="test_demo_overview_no_500" time="0.117" /><testcase classname="tests.backend_test.TestDemo" name="test_demo_insights" time="20.188" /><testcase classname="tests.backend_test.TestUpload" name="test_invalid_file_type" time="0.041" /><testcase classname="tests.backend_test.TestHealth" name="test_root" time="0.046" /><testcase classname="tests.backend_test.TestDemo" name="test_demo_ask" time="5.677" /><testcase classname="tests.backend_test.TestSessionExpiry" name="test_unknown_dataset_returns_404" time="0.048" /></testsuite></testsuites>